<?xml version="1.0" encoding="UTF-8"?>
<coverage generated="1642730844618" clover="3.2.0">
  <project timestamp="1642730844618" name="All files">
    <metrics statements="43" coveredstatements="31" conditionals="7" coveredconditionals="1" methods="19" coveredmethods="10" elements="69" coveredelements="42" complexity="0" loc="43" ncloc="43" packages="3" files="6" classes="6"/>
    <package name="db">
      <metrics statements="18" coveredstatements="8" conditionals="7" coveredconditionals="1" methods="9" coveredmethods="2"/>
      <file name="inventory.js" path="/home/shaun-collins/Projects/ForGiver/server/db/inventory.js">
        <metrics statements="16" coveredstatements="6" conditionals="7" coveredconditionals="1" methods="9" coveredmethods="2"/>
        <line num="1" count="1" type="cond" truecount="1" falsecount="1"/>
        <line num="2" count="1" type="stmt"/>
        <line num="3" count="1" type="stmt"/>
        <line num="6" count="1" type="stmt"/>
        <line num="15" count="1" type="stmt"/>
        <line num="19" count="1" type="stmt"/>
        <line num="23" count="0" type="stmt"/>
        <line num="25" count="0" type="stmt"/>
        <line num="26" count="0" type="stmt"/>
        <line num="29" count="0" type="stmt"/>
        <line num="34" count="0" type="stmt"/>
        <line num="35" count="0" type="stmt"/>
        <line num="37" count="0" type="stmt"/>
        <line num="38" count="0" type="stmt"/>
        <line num="41" count="0" type="stmt"/>
        <line num="46" count="0" type="stmt"/>
      </file>
      <file name="knexfile.js" path="/home/shaun-collins/Projects/ForGiver/server/db/knexfile.js">
        <metrics statements="2" coveredstatements="2" conditionals="0" coveredconditionals="0" methods="0" coveredmethods="0"/>
        <line num="1" count="1" type="stmt"/>
        <line num="3" count="1" type="stmt"/>
      </file>
    </package>
    <package name="db.migrations">
      <metrics statements="19" coveredstatements="17" conditionals="0" coveredconditionals="0" methods="6" coveredmethods="4"/>
      <file name="20211117065957_users.js" path="/home/shaun-collins/Projects/ForGiver/server/db/migrations/20211117065957_users.js">
        <metrics statements="8" coveredstatements="7" conditionals="0" coveredconditionals="0" methods="3" coveredmethods="2"/>
        <line num="2" count="1" type="stmt"/>
        <line num="3" count="1" type="stmt"/>
        <line num="4" count="1" type="stmt"/>
        <line num="5" count="1" type="stmt"/>
        <line num="6" count="1" type="stmt"/>
        <line num="7" count="1" type="stmt"/>
        <line num="12" count="1" type="stmt"/>
        <line num="13" count="0" type="stmt"/>
      </file>
      <file name="20211117071019_inventory.js" path="/home/shaun-collins/Projects/ForGiver/server/db/migrations/20211117071019_inventory.js">
        <metrics statements="11" coveredstatements="10" conditionals="0" coveredconditionals="0" methods="3" coveredmethods="2"/>
        <line num="2" count="1" type="stmt"/>
        <line num="3" count="1" type="stmt"/>
        <line num="4" count="1" type="stmt"/>
        <line num="5" count="1" type="stmt"/>
        <line num="6" count="1" type="stmt"/>
        <line num="7" count="1" type="stmt"/>
        <line num="8" count="1" type="stmt"/>
        <line num="9" count="1" type="stmt"/>
        <line num="10" count="1" type="stmt"/>
        <line num="15" count="1" type="stmt"/>
        <line num="16" count="0" type="stmt"/>
      </file>
    </package>
    <package name="db.seeds">
      <metrics statements="6" coveredstatements="6" conditionals="0" coveredconditionals="0" methods="4" coveredmethods="4"/>
      <file name="inventory.js" path="/home/shaun-collins/Projects/ForGiver/server/db/seeds/inventory.js">
        <metrics statements="3" coveredstatements="3" conditionals="0" coveredconditionals="0" methods="2" coveredmethods="2"/>
        <line num="2" count="1" type="stmt"/>
        <line num="4" count="2" type="stmt"/>
        <line num="7" count="2" type="stmt"/>
      </file>
      <file name="users.js" path="/home/shaun-collins/Projects/ForGiver/server/db/seeds/users.js">
        <metrics statements="3" coveredstatements="3" conditionals="0" coveredconditionals="0" methods="2" coveredmethods="2"/>
        <line num="2" count="1" type="stmt"/>
        <line num="4" count="2" type="stmt"/>
        <line num="7" count="2" type="stmt"/>
      </file>
    </package>
  </project>
</coverage>
