{"/home/shaun-collins/Projects/ForGiver/server/db/inventory.js": {"path":"/home/shaun-collins/Projects/ForGiver/server/db/inventory.js","statementMap":{"0":{"start":{"line":1,"column":20},"end":{"line":1,"column":57}},"1":{"start":{"line":2,"column":15},"end":{"line":2,"column":49}},"2":{"start":{"line":3,"column":19},"end":{"line":3,"column":42}},"3":{"start":{"line":6,"column":0},"end":{"line":12,"column":1}},"4":{"start":{"line":15,"column":2},"end":{"line":15,"column":33}},"5":{"start":{"line":19,"column":2},"end":{"line":19,"column":57}},"6":{"start":{"line":23,"column":2},"end":{"line":30,"column":6}},"7":{"start":{"line":25,"column":6},"end":{"line":25,"column":24}},"8":{"start":{"line":26,"column":6},"end":{"line":26,"column":17}},"9":{"start":{"line":29,"column":6},"end":{"line":29,"column":30}},"10":{"start":{"line":34,"column":64},"end":{"line":34,"column":74}},"11":{"start":{"line":35,"column":2},"end":{"line":42,"column":4}},"12":{"start":{"line":37,"column":4},"end":{"line":37,"column":19}},"13":{"start":{"line":38,"column":4},"end":{"line":38,"column":15}},"14":{"start":{"line":41,"column":4},"end":{"line":41,"column":28}},"15":{"start":{"line":46,"column":2},"end":{"line":46,"column":49}}},"fnMap":{"0":{"name":"getInventory","decl":{"start":{"line":14,"column":9},"end":{"line":14,"column":21}},"loc":{"start":{"line":14,"column":40},"end":{"line":16,"column":1}},"line":14},"1":{"name":"getItem","decl":{"start":{"line":18,"column":9},"end":{"line":18,"column":16}},"loc":{"start":{"line":18,"column":39},"end":{"line":20,"column":1}},"line":18},"2":{"name":"addItem","decl":{"start":{"line":22,"column":9},"end":{"line":22,"column":16}},"loc":{"start":{"line":22,"column":40},"end":{"line":31,"column":1}},"line":22},"3":{"name":"(anonymous_3)","decl":{"start":{"line":24,"column":10},"end":{"line":24,"column":11}},"loc":{"start":{"line":24,"column":23},"end":{"line":27,"column":5}},"line":24},"4":{"name":"(anonymous_4)","decl":{"start":{"line":28,"column":11},"end":{"line":28,"column":12}},"loc":{"start":{"line":28,"column":18},"end":{"line":30,"column":5}},"line":28},"5":{"name":"updateItem","decl":{"start":{"line":33,"column":9},"end":{"line":33,"column":19}},"loc":{"start":{"line":33,"column":53},"end":{"line":43,"column":1}},"line":33},"6":{"name":"(anonymous_6)","decl":{"start":{"line":36,"column":8},"end":{"line":36,"column":9}},"loc":{"start":{"line":36,"column":14},"end":{"line":39,"column":3}},"line":36},"7":{"name":"(anonymous_7)","decl":{"start":{"line":40,"column":9},"end":{"line":40,"column":10}},"loc":{"start":{"line":40,"column":16},"end":{"line":42,"column":3}},"line":40},"8":{"name":"deleteItem","decl":{"start":{"line":45,"column":9},"end":{"line":45,"column":19}},"loc":{"start":{"line":45,"column":41},"end":{"line":47,"column":1}},"line":45}},"branchMap":{"0":{"loc":{"start":{"line":1,"column":20},"end":{"line":1,"column":57}},"type":"binary-expr","locations":[{"start":{"line":1,"column":20},"end":{"line":1,"column":40}},{"start":{"line":1,"column":44},"end":{"line":1,"column":57}}],"line":1},"1":{"loc":{"start":{"line":14,"column":23},"end":{"line":14,"column":38}},"type":"default-arg","locations":[{"start":{"line":14,"column":28},"end":{"line":14,"column":38}}],"line":14},"2":{"loc":{"start":{"line":18,"column":22},"end":{"line":18,"column":37}},"type":"default-arg","locations":[{"start":{"line":18,"column":27},"end":{"line":18,"column":37}}],"line":18},"3":{"loc":{"start":{"line":22,"column":23},"end":{"line":22,"column":38}},"type":"default-arg","locations":[{"start":{"line":22,"column":28},"end":{"line":22,"column":38}}],"line":22},"4":{"loc":{"start":{"line":33,"column":36},"end":{"line":33,"column":51}},"type":"default-arg","locations":[{"start":{"line":33,"column":41},"end":{"line":33,"column":51}}],"line":33},"5":{"loc":{"start":{"line":45,"column":24},"end":{"line":45,"column":39}},"type":"default-arg","locations":[{"start":{"line":45,"column":29},"end":{"line":45,"column":39}}],"line":45}},"s":{"0":1,"1":1,"2":1,"3":1,"4":1,"5":1,"6":0,"7":0,"8":0,"9":0,"10":0,"11":0,"12":0,"13":0,"14":0,"15":0},"f":{"0":1,"1":1,"2":0,"3":0,"4":0,"5":0,"6":0,"7":0,"8":0},"b":{"0":[1,0],"1":[0],"2":[0],"3":[0],"4":[0],"5":[0]},"_coverageSchema":"1a1c01bbd47fc00a2c39e90264f33305004495a9","hash":"1d377e7720104afd1a91f1d70198a940f1586566"}
,"/home/shaun-collins/Projects/ForGiver/server/db/knexfile.js": {"path":"/home/shaun-collins/Projects/ForGiver/server/db/knexfile.js","statementMap":{"0":{"start":{"line":1,"column":13},"end":{"line":1,"column":28}},"1":{"start":{"line":3,"column":0},"end":{"line":37,"column":1}}},"fnMap":{},"branchMap":{},"s":{"0":1,"1":1},"f":{},"b":{},"_coverageSchema":"1a1c01bbd47fc00a2c39e90264f33305004495a9","hash":"3cb035b9c518ac9b56493d4d042963208922b5db"}
,"/home/shaun-collins/Projects/ForGiver/server/db/migrations/20211117065957_users.js": {"path":"/home/shaun-collins/Projects/ForGiver/server/db/migrations/20211117065957_users.js","statementMap":{"0":{"start":{"line":2,"column":0},"end":{"line":10,"column":2}},"1":{"start":{"line":3,"column":2},"end":{"line":8,"column":5}},"2":{"start":{"line":4,"column":4},"end":{"line":4,"column":36}},"3":{"start":{"line":5,"column":4},"end":{"line":5,"column":28}},"4":{"start":{"line":6,"column":4},"end":{"line":6,"column":25}},"5":{"start":{"line":7,"column":4},"end":{"line":7,"column":21}},"6":{"start":{"line":12,"column":0},"end":{"line":14,"column":2}},"7":{"start":{"line":13,"column":2},"end":{"line":13,"column":39}}},"fnMap":{"0":{"name":"(anonymous_0)","decl":{"start":{"line":2,"column":13},"end":{"line":2,"column":14}},"loc":{"start":{"line":2,"column":28},"end":{"line":10,"column":1}},"line":2},"1":{"name":"(anonymous_1)","decl":{"start":{"line":3,"column":42},"end":{"line":3,"column":43}},"loc":{"start":{"line":3,"column":51},"end":{"line":8,"column":3}},"line":3},"2":{"name":"(anonymous_2)","decl":{"start":{"line":12,"column":15},"end":{"line":12,"column":16}},"loc":{"start":{"line":12,"column":30},"end":{"line":14,"column":1}},"line":12}},"branchMap":{},"s":{"0":1,"1":1,"2":1,"3":1,"4":1,"5":1,"6":1,"7":0},"f":{"0":1,"1":1,"2":0},"b":{},"_coverageSchema":"1a1c01bbd47fc00a2c39e90264f33305004495a9","hash":"9cdd96cb9e33440a912d98ef1d3752385e848ee3"}
,"/home/shaun-collins/Projects/ForGiver/server/db/migrations/20211117071019_inventory.js": {"path":"/home/shaun-collins/Projects/ForGiver/server/db/migrations/20211117071019_inventory.js","statementMap":{"0":{"start":{"line":2,"column":0},"end":{"line":13,"column":2}},"1":{"start":{"line":3,"column":2},"end":{"line":11,"column":4}},"2":{"start":{"line":4,"column":4},"end":{"line":4,"column":36}},"3":{"start":{"line":5,"column":4},"end":{"line":5,"column":24}},"4":{"start":{"line":6,"column":4},"end":{"line":6,"column":28}},"5":{"start":{"line":7,"column":4},"end":{"line":7,"column":29}},"6":{"start":{"line":8,"column":4},"end":{"line":8,"column":25}},"7":{"start":{"line":9,"column":4},"end":{"line":9,"column":27}},"8":{"start":{"line":10,"column":4},"end":{"line":10,"column":28}},"9":{"start":{"line":15,"column":0},"end":{"line":17,"column":2}},"10":{"start":{"line":16,"column":2},"end":{"line":16,"column":43}}},"fnMap":{"0":{"name":"(anonymous_0)","decl":{"start":{"line":2,"column":13},"end":{"line":2,"column":14}},"loc":{"start":{"line":2,"column":28},"end":{"line":13,"column":1}},"line":2},"1":{"name":"(anonymous_1)","decl":{"start":{"line":3,"column":46},"end":{"line":3,"column":47}},"loc":{"start":{"line":3,"column":55},"end":{"line":11,"column":3}},"line":3},"2":{"name":"(anonymous_2)","decl":{"start":{"line":15,"column":15},"end":{"line":15,"column":16}},"loc":{"start":{"line":15,"column":30},"end":{"line":17,"column":1}},"line":15}},"branchMap":{},"s":{"0":1,"1":1,"2":1,"3":1,"4":1,"5":1,"6":1,"7":1,"8":1,"9":1,"10":0},"f":{"0":1,"1":1,"2":0},"b":{},"_coverageSchema":"1a1c01bbd47fc00a2c39e90264f33305004495a9","hash":"913f01f59887954cb266c1f273061e2de953d9d6"}
,"/home/shaun-collins/Projects/ForGiver/server/db/seeds/inventory.js": {"path":"/home/shaun-collins/Projects/ForGiver/server/db/seeds/inventory.js","statementMap":{"0":{"start":{"line":2,"column":0},"end":{"line":15,"column":2}},"1":{"start":{"line":4,"column":2},"end":{"line":14,"column":7}},"2":{"start":{"line":7,"column":6},"end":{"line":13,"column":9}}},"fnMap":{"0":{"name":"(anonymous_0)","decl":{"start":{"line":2,"column":15},"end":{"line":2,"column":16}},"loc":{"start":{"line":2,"column":30},"end":{"line":15,"column":1}},"line":2},"1":{"name":"(anonymous_1)","decl":{"start":{"line":5,"column":10},"end":{"line":5,"column":11}},"loc":{"start":{"line":5,"column":22},"end":{"line":14,"column":5}},"line":5}},"branchMap":{},"s":{"0":1,"1":2,"2":2},"f":{"0":2,"1":2},"b":{},"_coverageSchema":"1a1c01bbd47fc00a2c39e90264f33305004495a9","hash":"c060c11e9ea4b4c9dc86313a42d6fb386d66fd4a"}
,"/home/shaun-collins/Projects/ForGiver/server/db/seeds/users.js": {"path":"/home/shaun-collins/Projects/ForGiver/server/db/seeds/users.js","statementMap":{"0":{"start":{"line":2,"column":0},"end":{"line":13,"column":2}},"1":{"start":{"line":4,"column":2},"end":{"line":12,"column":7}},"2":{"start":{"line":7,"column":6},"end":{"line":11,"column":9}}},"fnMap":{"0":{"name":"(anonymous_0)","decl":{"start":{"line":2,"column":15},"end":{"line":2,"column":16}},"loc":{"start":{"line":2,"column":30},"end":{"line":13,"column":1}},"line":2},"1":{"name":"(anonymous_1)","decl":{"start":{"line":5,"column":10},"end":{"line":5,"column":11}},"loc":{"start":{"line":5,"column":22},"end":{"line":12,"column":5}},"line":5}},"branchMap":{},"s":{"0":1,"1":2,"2":2},"f":{"0":2,"1":2},"b":{},"_coverageSchema":"1a1c01bbd47fc00a2c39e90264f33305004495a9","hash":"de2e3f739b03235b0c0ff5e88d5a084d98249472"}
}
