TN:
SF:server/db/inventory.js
FN:14,getInventory
FN:18,getItem
FN:22,addItem
FN:24,(anonymous_3)
FN:28,(anonymous_4)
FN:33,updateItem
FN:36,(anonymous_6)
FN:40,(anonymous_7)
FN:45,deleteItem
FNF:9
FNH:2
FNDA:1,getInventory
FNDA:1,getItem
FNDA:0,addItem
FNDA:0,(anonymous_3)
FNDA:0,(anonymous_4)
FNDA:0,updateItem
FNDA:0,(anonymous_6)
FNDA:0,(anonymous_7)
FNDA:0,deleteItem
DA:1,1
DA:2,1
DA:3,1
DA:6,1
DA:15,1
DA:19,1
DA:23,0
DA:25,0
DA:26,0
DA:29,0
DA:34,0
DA:35,0
DA:37,0
DA:38,0
DA:41,0
DA:46,0
LF:16
LH:6
BRDA:1,0,0,1
BRDA:1,0,1,0
BRDA:14,1,0,0
BRDA:18,2,0,0
BRDA:22,3,0,0
BRDA:33,4,0,0
BRDA:45,5,0,0
BRF:7
BRH:1
end_of_record
TN:
SF:server/db/knexfile.js
FNF:0
FNH:0
DA:1,1
DA:3,1
LF:2
LH:2
BRF:0
BRH:0
end_of_record
TN:
SF:server/db/migrations/20211117065957_users.js
FN:2,(anonymous_0)
FN:3,(anonymous_1)
FN:12,(anonymous_2)
FNF:3
FNH:2
FNDA:1,(anonymous_0)
FNDA:1,(anonymous_1)
FNDA:0,(anonymous_2)
DA:2,1
DA:3,1
DA:4,1
DA:5,1
DA:6,1
DA:7,1
DA:12,1
DA:13,0
LF:8
LH:7
BRF:0
BRH:0
end_of_record
TN:
SF:server/db/migrations/20211117071019_inventory.js
FN:2,(anonymous_0)
FN:3,(anonymous_1)
FN:15,(anonymous_2)
FNF:3
FNH:2
FNDA:1,(anonymous_0)
FNDA:1,(anonymous_1)
FNDA:0,(anonymous_2)
DA:2,1
DA:3,1
DA:4,1
DA:5,1
DA:6,1
DA:7,1
DA:8,1
DA:9,1
DA:10,1
DA:15,1
DA:16,0
LF:11
LH:10
BRF:0
BRH:0
end_of_record
TN:
SF:server/db/seeds/inventory.js
FN:2,(anonymous_0)
FN:5,(anonymous_1)
FNF:2
FNH:2
FNDA:2,(anonymous_0)
FNDA:2,(anonymous_1)
DA:2,1
DA:4,2
DA:7,2
LF:3
LH:3
BRF:0
BRH:0
end_of_record
TN:
SF:server/db/seeds/users.js
FN:2,(anonymous_0)
FN:5,(anonymous_1)
FNF:2
FNH:2
FNDA:2,(anonymous_0)
FNDA:2,(anonymous_1)
DA:2,1
DA:4,2
DA:7,2
LF:3
LH:3
BRF:0
BRH:0
end_of_record
