TN:
SF:server/server.js
FNF:0
FNH:0
DA:1,1
DA:2,1
DA:3,1
DA:7,1
DA:8,1
DA:10,1
DA:12,1
DA:14,1
DA:15,1
DA:16,1
DA:17,1
LF:11
LH:11
BRF:0
BRH:0
end_of_record
TN:
SF:server/db/inventory.js
FN:14,getInventory
FN:18,getItem
FN:22,addItem
FN:24,(anonymous_3)
FN:28,(anonymous_4)
FN:33,updateItem
FN:36,(anonymous_6)
FN:40,(anonymous_7)
FN:45,deleteItem
FNF:9
FNH:2
FNDA:1,getInventory
FNDA:1,getItem
FNDA:0,addItem
FNDA:0,(anonymous_3)
FNDA:0,(anonymous_4)
FNDA:0,updateItem
FNDA:0,(anonymous_6)
FNDA:0,(anonymous_7)
FNDA:0,deleteItem
DA:1,2
DA:2,2
DA:3,2
DA:6,2
DA:15,1
DA:19,1
DA:23,0
DA:25,0
DA:26,0
DA:29,0
DA:34,0
DA:35,0
DA:37,0
DA:38,0
DA:41,0
DA:46,0
LF:16
LH:6
BRDA:1,0,0,2
BRDA:1,0,1,0
BRDA:14,1,0,0
BRDA:18,2,0,0
BRDA:22,3,0,0
BRDA:33,4,0,0
BRDA:45,5,0,0
BRF:7
BRH:1
end_of_record
TN:
SF:server/db/knexfile.js
FNF:0
FNH:0
DA:1,3
DA:3,3
LF:2
LH:2
BRF:0
BRH:0
end_of_record
TN:
SF:server/db/users.js
FN:16,getUsers
FN:20,getUser
FN:24,createUser
FN:26,(anonymous_3)
FN:32,updateUser
FN:34,(anonymous_5)
FN:40,deleteUser
FNF:7
FNH:0
FNDA:0,getUsers
FNDA:0,getUser
FNDA:0,createUser
FNDA:0,(anonymous_3)
FNDA:0,updateUser
FNDA:0,(anonymous_5)
FNDA:0,deleteUser
DA:1,1
DA:2,1
DA:3,1
DA:6,1
DA:17,0
DA:21,0
DA:25,0
DA:27,0
DA:28,0
DA:33,0
DA:35,0
DA:36,0
DA:41,0
LF:13
LH:4
BRDA:1,0,0,1
BRDA:1,0,1,0
BRDA:16,1,0,0
BRDA:20,2,0,0
BRDA:24,3,0,0
BRDA:32,4,0,0
BRDA:40,5,0,0
BRF:7
BRH:1
end_of_record
TN:
SF:server/db/migrations/20211117065957_users.js
FN:2,(anonymous_0)
FN:3,(anonymous_1)
FN:12,(anonymous_2)
FNF:3
FNH:2
FNDA:1,(anonymous_0)
FNDA:1,(anonymous_1)
FNDA:0,(anonymous_2)
DA:2,1
DA:3,1
DA:4,1
DA:5,1
DA:6,1
DA:7,1
DA:12,1
DA:13,0
LF:8
LH:7
BRF:0
BRH:0
end_of_record
TN:
SF:server/db/migrations/20211117071019_inventory.js
FN:2,(anonymous_0)
FN:3,(anonymous_1)
FN:15,(anonymous_2)
FNF:3
FNH:2
FNDA:1,(anonymous_0)
FNDA:1,(anonymous_1)
FNDA:0,(anonymous_2)
DA:2,1
DA:3,1
DA:4,1
DA:5,1
DA:6,1
DA:7,1
DA:8,1
DA:9,1
DA:10,1
DA:15,1
DA:16,0
LF:11
LH:10
BRF:0
BRH:0
end_of_record
TN:
SF:server/db/seeds/inventory.js
FN:2,(anonymous_0)
FN:5,(anonymous_1)
FNF:2
FNH:2
FNDA:2,(anonymous_0)
FNDA:2,(anonymous_1)
DA:2,1
DA:4,2
DA:7,2
LF:3
LH:3
BRF:0
BRH:0
end_of_record
TN:
SF:server/db/seeds/users.js
FN:2,(anonymous_0)
FN:5,(anonymous_1)
FNF:2
FNH:2
FNDA:2,(anonymous_0)
FNDA:2,(anonymous_1)
DA:2,1
DA:4,2
DA:7,2
LF:3
LH:3
BRF:0
BRH:0
end_of_record
TN:
SF:server/routes/inventory.js
FN:6,(anonymous_0)
FN:8,(anonymous_1)
FN:12,(anonymous_2)
FN:17,(anonymous_3)
FN:20,(anonymous_4)
FN:24,(anonymous_5)
FN:29,(anonymous_6)
FN:32,(anonymous_7)
FN:36,(anonymous_8)
FN:41,(anonymous_9)
FN:45,(anonymous_10)
FN:49,(anonymous_11)
FN:54,(anonymous_12)
FN:57,(anonymous_13)
FN:61,(anonymous_14)
FNF:15
FNH:0
FNDA:0,(anonymous_0)
FNDA:0,(anonymous_1)
FNDA:0,(anonymous_2)
FNDA:0,(anonymous_3)
FNDA:0,(anonymous_4)
FNDA:0,(anonymous_5)
FNDA:0,(anonymous_6)
FNDA:0,(anonymous_7)
FNDA:0,(anonymous_8)
FNDA:0,(anonymous_9)
FNDA:0,(anonymous_10)
FNDA:0,(anonymous_11)
FNDA:0,(anonymous_12)
FNDA:0,(anonymous_13)
FNDA:0,(anonymous_14)
DA:1,1
DA:2,1
DA:4,1
DA:6,1
DA:7,0
DA:9,0
DA:10,0
DA:13,0
DA:17,1
DA:18,0
DA:19,0
DA:21,0
DA:22,0
DA:25,0
DA:29,1
DA:30,0
DA:31,0
DA:33,0
DA:34,0
DA:37,0
DA:41,1
DA:42,0
DA:43,0
DA:44,0
DA:46,0
DA:47,0
DA:50,0
DA:54,1
DA:55,0
DA:56,0
DA:58,0
DA:59,0
DA:62,0
DA:67,1
LF:34
LH:9
BRF:0
BRH:0
end_of_record
TN:
SF:server/routes/users.js
FN:6,(anonymous_0)
FN:8,(anonymous_1)
FN:12,(anonymous_2)
FN:17,(anonymous_3)
FN:20,(anonymous_4)
FN:24,(anonymous_5)
FN:29,(anonymous_6)
FN:32,(anonymous_7)
FN:36,(anonymous_8)
FN:41,(anonymous_9)
FN:45,(anonymous_10)
FN:49,(anonymous_11)
FN:54,(anonymous_12)
FN:57,(anonymous_13)
FN:61,(anonymous_14)
FNF:15
FNH:0
FNDA:0,(anonymous_0)
FNDA:0,(anonymous_1)
FNDA:0,(anonymous_2)
FNDA:0,(anonymous_3)
FNDA:0,(anonymous_4)
FNDA:0,(anonymous_5)
FNDA:0,(anonymous_6)
FNDA:0,(anonymous_7)
FNDA:0,(anonymous_8)
FNDA:0,(anonymous_9)
FNDA:0,(anonymous_10)
FNDA:0,(anonymous_11)
FNDA:0,(anonymous_12)
FNDA:0,(anonymous_13)
FNDA:0,(anonymous_14)
DA:1,1
DA:2,1
DA:4,1
DA:6,1
DA:7,0
DA:9,0
DA:10,0
DA:13,0
DA:17,1
DA:18,0
DA:19,0
DA:21,0
DA:22,0
DA:25,0
DA:29,1
DA:30,0
DA:31,0
DA:33,0
DA:34,0
DA:37,0
DA:41,1
DA:42,0
DA:43,0
DA:44,0
DA:46,0
DA:47,0
DA:50,0
DA:54,1
DA:55,0
DA:56,0
DA:58,0
DA:59,0
DA:62,0
DA:67,1
LF:34
LH:9
BRF:0
BRH:0
end_of_record
